Library/Bee/Android/Prj/IL2CPP/Gradle/launcher/build/intermediates/manifest_merge_blame_file/release/manifest-merger-blame-release-report.txt
1<?xml version="1.0" encoding="utf-8"?>
2<manifest xmlns:android="http://schemas.android.com/apk/res/android"
3    package="com.DefaultCompany.quest"
4    android:installLocation="preferExternal"
5    android:versionCode="1"
6    android:versionName="0.1" >
7
8    <uses-sdk
9        android:minSdkVersion="24"
9-->src\main\AndroidManifest.xml
10        android:targetSdkVersion="30" />
10-->src\main\AndroidManifest.xml
11
12    <supports-screens
12-->src\main\AndroidManifest.xml:3:3-163
13        android:anyDensity="true"
13-->src\main\AndroidManifest.xml:3:135-160
14        android:largeScreens="true"
14-->src\main\AndroidManifest.xml:3:78-105
15        android:normalScreens="true"
15-->src\main\AndroidManifest.xml:3:49-77
16        android:smallScreens="true"
16-->src\main\AndroidManifest.xml:3:21-48
17        android:xlargeScreens="true" />
17-->src\main\AndroidManifest.xml:3:106-134
18
19    <uses-feature android:glEsVersion="0x00030000" />
19-->[:unityLibrary] AndroidManifest.xml:12:5-54
19-->[:unityLibrary] AndroidManifest.xml:12:19-51
20    <uses-feature
20-->[:unityLibrary] AndroidManifest.xml:13:5-15:36
21        android:name="android.hardware.vulkan.version"
21-->[:unityLibrary] AndroidManifest.xml:14:9-55
22        android:required="false" />
22-->[:unityLibrary] AndroidManifest.xml:15:9-33
23
24    <uses-permission android:name="android.permission.INTERNET" />
24-->[:unityLibrary] AndroidManifest.xml:17:5-67
24-->[:unityLibrary] AndroidManifest.xml:17:22-64
25
26    <uses-feature
26-->[:unityLibrary] AndroidManifest.xml:19:5-21:36
27        android:name="android.hardware.touchscreen"
27-->[:unityLibrary] AndroidManifest.xml:20:9-52
28        android:required="false" />
28-->[:unityLibrary] AndroidManifest.xml:21:9-33
29    <uses-feature
29-->[:unityLibrary] AndroidManifest.xml:22:5-24:36
30        android:name="android.hardware.touchscreen.multitouch"
30-->[:unityLibrary] AndroidManifest.xml:23:9-63
31        android:required="false" />
31-->[:unityLibrary] AndroidManifest.xml:24:9-33
32    <uses-feature
32-->[:unityLibrary] AndroidManifest.xml:25:5-27:36
33        android:name="android.hardware.touchscreen.multitouch.distinct"
33-->[:unityLibrary] AndroidManifest.xml:26:9-72
34        android:required="false" />
34-->[:unityLibrary] AndroidManifest.xml:27:9-33
35    <uses-feature
35-->[:unityLibrary] AndroidManifest.xml:28:5-31:31
36        android:name="android.hardware.vr.headtracking"
36-->[:unityLibrary] AndroidManifest.xml:29:9-56
37        android:required="true"
37-->[:unityLibrary] AndroidManifest.xml:30:9-32
38        android:version="1" />
38-->[:unityLibrary] AndroidManifest.xml:31:9-28
39
40    <application
40-->src\main\AndroidManifest.xml:4:3-83
41        android:extractNativeLibs="true"
41-->[:unityLibrary] AndroidManifest.xml:33:18-50
42        android:icon="@mipmap/app_icon"
42-->src\main\AndroidManifest.xml:4:49-80
43        android:label="@string/app_name" >
43-->src\main\AndroidManifest.xml:4:16-48
44        <activity
44-->[:unityLibrary] AndroidManifest.xml:34:9-58:20
45            android:name="com.unity3d.player.UnityPlayerActivity"
45-->[:unityLibrary] AndroidManifest.xml:35:13-66
46            android:configChanges="mcc|mnc|locale|touchscreen|keyboard|keyboardHidden|navigation|orientation|screenLayout|uiMode|screenSize|smallestScreenSize|fontScale|layoutDirection|density"
46-->[:unityLibrary] AndroidManifest.xml:36:13-194
47            android:hardwareAccelerated="false"
47-->[:unityLibrary] AndroidManifest.xml:37:13-48
48            android:launchMode="singleTask"
48-->[:unityLibrary] AndroidManifest.xml:38:13-44
49            android:resizeableActivity="false"
49-->[:unityLibrary] AndroidManifest.xml:39:13-47
50            android:screenOrientation="fullUser"
50-->[:unityLibrary] AndroidManifest.xml:40:13-49
51            android:theme="@style/UnityThemeSelector" >
51-->[:unityLibrary] AndroidManifest.xml:41:13-54
52            <intent-filter>
52-->[:unityLibrary] AndroidManifest.xml:42:13-47:29
53                <action android:name="android.intent.action.MAIN" />
53-->[:unityLibrary] AndroidManifest.xml:43:17-69
53-->[:unityLibrary] AndroidManifest.xml:43:25-66
54
55                <category android:name="android.intent.category.LAUNCHER" />
55-->[:unityLibrary] AndroidManifest.xml:45:17-77
55-->[:unityLibrary] AndroidManifest.xml:45:27-74
56                <category android:name="com.oculus.intent.category.VR" />
56-->[:unityLibrary] AndroidManifest.xml:46:17-74
56-->[:unityLibrary] AndroidManifest.xml:46:27-71
57            </intent-filter>
58
59            <meta-data
59-->[:unityLibrary] AndroidManifest.xml:49:13-51:40
60                android:name="unityplayer.UnityActivity"
60-->[:unityLibrary] AndroidManifest.xml:50:17-57
61                android:value="true" />
61-->[:unityLibrary] AndroidManifest.xml:51:17-37
62            <meta-data
62-->[:unityLibrary] AndroidManifest.xml:52:13-54:40
63                android:name="android.notch_support"
63-->[:unityLibrary] AndroidManifest.xml:53:17-53
64                android:value="true" />
64-->[:unityLibrary] AndroidManifest.xml:54:17-37
65            <meta-data
65-->[:unityLibrary] AndroidManifest.xml:55:13-57:40
66                android:name="com.oculus.vr.focusaware"
66-->[:unityLibrary] AndroidManifest.xml:56:17-56
67                android:value="true" />
67-->[:unityLibrary] AndroidManifest.xml:57:17-37
68        </activity>
69
70        <meta-data
70-->[:unityLibrary] AndroidManifest.xml:60:9-62:33
71            android:name="unity.splash-mode"
71-->[:unityLibrary] AndroidManifest.xml:61:13-45
72            android:value="0" />
72-->[:unityLibrary] AndroidManifest.xml:62:13-30
73        <meta-data
73-->[:unityLibrary] AndroidManifest.xml:63:9-65:36
74            android:name="unity.splash-enable"
74-->[:unityLibrary] AndroidManifest.xml:64:13-47
75            android:value="True" />
75-->[:unityLibrary] AndroidManifest.xml:65:13-33
76        <meta-data
76-->[:unityLibrary] AndroidManifest.xml:66:9-68:36
77            android:name="unity.launch-fullscreen"
77-->[:unityLibrary] AndroidManifest.xml:67:13-51
78            android:value="True" />
78-->[:unityLibrary] AndroidManifest.xml:68:13-33
79        <meta-data
79-->[:unityLibrary] AndroidManifest.xml:69:9-71:37
80            android:name="unity.allow-resizable-window"
80-->[:unityLibrary] AndroidManifest.xml:70:13-56
81            android:value="False" />
81-->[:unityLibrary] AndroidManifest.xml:71:13-34
82        <meta-data
82-->[:unityLibrary] AndroidManifest.xml:72:9-74:50
83            android:name="notch.config"
83-->[:unityLibrary] AndroidManifest.xml:73:13-40
84            android:value="portrait|landscape" />
84-->[:unityLibrary] AndroidManifest.xml:74:13-47
85        <meta-data
85-->[:unityLibrary] AndroidManifest.xml:75:9-77:52
86            android:name="com.oculus.supportedDevices"
86-->[:unityLibrary] AndroidManifest.xml:76:13-55
87            android:value="quest|quest2|cambria" />
87-->[:unityLibrary] AndroidManifest.xml:77:13-49
88    </application>
89
90</manifest>